android/app/build/intermediates/manifest_merge_blame_file/release/manifest-merger-blame-release-report.txt
1<?xml version="1.0" encoding="utf-8"?>
2<manifest xmlns:android="http://schemas.android.com/apk/res/android"
3    package="com.droensoba.sobatku"
4    android:versionCode="1"
5    android:versionName="1.0.0" >
6
7    <uses-sdk
8        android:minSdkVersion="21"
8-->src\main\AndroidManifest.xml
9        android:targetSdkVersion="30" />
9-->src\main\AndroidManifest.xml
10
11    <uses-permission android:name="android.permission.QUERY_ALL_PACKAGES" />
11-->src\main\AndroidManifest.xml:4:5-76
11-->src\main\AndroidManifest.xml:4:22-74
12    <uses-permission android:name="android.permission.FOREGROUND_SERVICE" />
12-->src\main\AndroidManifest.xml:5:5-77
12-->src\main\AndroidManifest.xml:5:22-74
13    <uses-permission android:name="android.permission.RECEIVE_BOOT_COMPLETED" />
13-->src\main\AndroidManifest.xml:6:5-81
13-->src\main\AndroidManifest.xml:6:22-78
14    <uses-permission android:name="android.permission.SYSTEM_ALERT_WINDOW" />
14-->src\main\AndroidManifest.xml:7:5-77
14-->src\main\AndroidManifest.xml:7:22-75
15    <uses-permission android:name="android.permission.WAKE_LOCK" />
15-->src\main\AndroidManifest.xml:8:5-68
15-->src\main\AndroidManifest.xml:8:22-65
16    <uses-permission android:name="android.permission.VIBRATE" />
16-->src\main\AndroidManifest.xml:9:5-66
16-->src\main\AndroidManifest.xml:9:22-63
17    <uses-permission android:name="android.permission.INTERNET" />
17-->src\main\AndroidManifest.xml:10:5-66
17-->src\main\AndroidManifest.xml:10:22-64
18    <uses-permission android:name="android.permission.ACCESS_NETWORK_STATE" />
18-->src\main\AndroidManifest.xml:11:5-79
18-->src\main\AndroidManifest.xml:11:22-76
19    <uses-permission android:name="android.permission.READ_EXTERNAL_STORAGE" />
19-->src\main\AndroidManifest.xml:12:5-79
19-->src\main\AndroidManifest.xml:12:22-77
20    <uses-permission android:name="android.permission.WRITE_EXTERNAL_STORAGE" />
20-->src\main\AndroidManifest.xml:13:5-80
20-->src\main\AndroidManifest.xml:13:22-78
21
22    <queries>
22-->src\main\AndroidManifest.xml:14:5-36:15
23
24        <!-- If your app opens https URLs -->
25        <intent>
25-->src\main\AndroidManifest.xml:16:9-20:18
26            <action android:name="android.intent.action.VIEW" />
26-->src\main\AndroidManifest.xml:17:13-65
26-->src\main\AndroidManifest.xml:17:21-62
27
28            <category android:name="android.intent.category.BROWSABLE" />
28-->src\main\AndroidManifest.xml:18:13-74
28-->src\main\AndroidManifest.xml:18:23-71
29
30            <data android:scheme="https" />
30-->src\main\AndroidManifest.xml:19:13-44
30-->src\main\AndroidManifest.xml:19:19-41
31        </intent>
32        <intent>
32-->src\main\AndroidManifest.xml:16:9-20:18
33            <action android:name="android.intent.action.VIEW" />
33-->src\main\AndroidManifest.xml:17:13-65
33-->src\main\AndroidManifest.xml:17:21-62
34
35            <data android:scheme="https" />
35-->src\main\AndroidManifest.xml:19:13-44
35-->src\main\AndroidManifest.xml:19:19-41
36        </intent>
37        <!-- If your app makes calls -->
38        <intent>
38-->src\main\AndroidManifest.xml:16:9-20:18
39            <action android:name="android.intent.action.DIAL" />
39-->src\main\AndroidManifest.xml:28:13-65
39-->src\main\AndroidManifest.xml:28:21-62
40
41            <data android:scheme="tel" />
41-->src\main\AndroidManifest.xml:19:13-44
41-->src\main\AndroidManifest.xml:19:19-41
42        </intent>
43        <!-- If your app emails -->
44        <intent>
44-->src\main\AndroidManifest.xml:16:9-20:18
45            <action android:name="android.intent.action.SEND" />
45-->src\main\AndroidManifest.xml:33:13-65
45-->src\main\AndroidManifest.xml:33:21-62
46
47            <data android:mimeType="*/*" />
47-->src\main\AndroidManifest.xml:19:13-44
47-->src\main\AndroidManifest.xml:34:19-41
48        </intent>
49    </queries>
50
51    <uses-permission android:name="android.permission.USE_FULL_SCREEN_INTENT" /> <!-- Required by older versions of Google Play services to create IID tokens -->
51-->[:flutter_local_notifications] AndroidManifest.xml:9:5-81
51-->[:flutter_local_notifications] AndroidManifest.xml:9:22-78
52    <uses-permission android:name="com.google.android.c2dm.permission.RECEIVE" />
52-->[com.google.firebase:firebase-messaging:22.0.0] AndroidManifest.xml:25:5-82
52-->[com.google.firebase:firebase-messaging:22.0.0] AndroidManifest.xml:25:22-79
53    <uses-permission android:name="com.google.android.finsky.permission.BIND_GET_INSTALL_REFERRER_SERVICE" />
53-->[com.google.android.gms:play-services-measurement:19.0.1] AndroidManifest.xml:26:5-110
53-->[com.google.android.gms:play-services-measurement:19.0.1] AndroidManifest.xml:26:22-107
54
55    <application
55-->src\main\AndroidManifest.xml:37:4-99:18
56        android:appComponentFactory="androidx.core.app.CoreComponentFactory"
56-->[androidx.core:core:1.6.0] AndroidManifest.xml:24:18-86
57        android:icon="@drawable/logo_rs"
57-->src\main\AndroidManifest.xml:40:9-41
58        android:label="sobatku" >
58-->src\main\AndroidManifest.xml:39:9-32
59        <activity
59-->src\main\AndroidManifest.xml:42:9-82:20
60            android:name="com.droensoba.sobatku.MainActivity"
60-->src\main\AndroidManifest.xml:43:13-41
61            android:configChanges="orientation|keyboardHidden|keyboard|screenSize|smallestScreenSize|locale|layoutDirection|fontScale|screenLayout|density|uiMode"
61-->src\main\AndroidManifest.xml:46:13-163
62            android:hardwareAccelerated="true"
62-->src\main\AndroidManifest.xml:47:13-47
63            android:launchMode="singleTop"
63-->src\main\AndroidManifest.xml:44:13-43
64            android:theme="@style/LaunchTheme"
64-->src\main\AndroidManifest.xml:45:13-47
65            android:windowSoftInputMode="adjustResize" >
65-->src\main\AndroidManifest.xml:48:13-55
66
67            <!--
68                 Specifies an Android theme to apply to this Activity as soon as
69                 the Android process has started. This theme is visible to the user
70                 while the Flutter UI initializes. After that, this theme continues
71                 to determine the Window background behind the Flutter UI.
72            -->
73            <meta-data
73-->src\main\AndroidManifest.xml:53:13-56:17
74                android:name="io.flutter.embedding.android.NormalTheme"
74-->src\main\AndroidManifest.xml:54:15-70
75                android:resource="@style/NormalTheme" />
75-->src\main\AndroidManifest.xml:55:15-52
76            <!--
77                 Displays an Android View that continues showing the launch screen
78                 Drawable until Flutter paints its first frame, then this splash
79                 screen fades out. A splash screen is useful to avoid any visual
80                 gap between the end of Android's launch screen and the painting of
81                 Flutter's first frame.
82            -->
83            <meta-data
83-->src\main\AndroidManifest.xml:62:13-65:17
84                android:name="io.flutter.embedding.android.SplashScreenDrawable"
84-->src\main\AndroidManifest.xml:63:15-79
85                android:resource="@drawable/launch_background" />
85-->src\main\AndroidManifest.xml:64:15-61
86            <meta-data
86-->src\main\AndroidManifest.xml:66:13-68:56
87                android:name="com.google.firebase.messaging.default_notification_icon"
87-->src\main\AndroidManifest.xml:67:17-87
88                android:resource="@drawable/logo_rs" />
88-->src\main\AndroidManifest.xml:68:17-53
89            <!-- [END fcm_default_icon] -->
90            <!-- [START fcm_default_channel] -->
91            <meta-data
91-->src\main\AndroidManifest.xml:71:13-73:75
92                android:name="com.google.firebase.messaging.default_notification_channel_id"
92-->src\main\AndroidManifest.xml:72:17-93
93                android:value="@string/default_notification_channel_id" />
93-->src\main\AndroidManifest.xml:73:17-72
94            <meta-data
94-->src\main\AndroidManifest.xml:74:13-76:58
95                android:name="com.google.firebase.messaging.default_notification_color"
95-->src\main\AndroidManifest.xml:75:17-88
96                android:resource="@color/colorPrimary" />
96-->src\main\AndroidManifest.xml:76:17-55
97
98            <intent-filter>
98-->src\main\AndroidManifest.xml:77:13-81:29
99                <action android:name="android.intent.action.MAIN" />
99-->src\main\AndroidManifest.xml:78:17-68
99-->src\main\AndroidManifest.xml:78:25-66
100
101                <category android:name="android.intent.category.LAUNCHER" />
101-->src\main\AndroidManifest.xml:79:17-76
101-->src\main\AndroidManifest.xml:79:27-74
102                <category android:name="android.intent.category.DEFAULT" />
102-->src\main\AndroidManifest.xml:80:17-75
102-->src\main\AndroidManifest.xml:80:27-73
103            </intent-filter>
104        </activity>
105        <!--
106             Don't delete the meta-data below.
107             This is used by the Flutter tool to generate GeneratedPluginRegistrant.java
108        -->
109        <meta-data
109-->src\main\AndroidManifest.xml:85:9-87:33
110            android:name="flutterEmbedding"
110-->src\main\AndroidManifest.xml:86:13-44
111            android:value="2" />
111-->src\main\AndroidManifest.xml:87:13-30
112
113        <receiver
113-->src\main\AndroidManifest.xml:88:8-97:19
114            android:name="com.droensoba.sobatku.MainActivityReceiver"
114-->src\main\AndroidManifest.xml:89:12-48
115            android:enabled="true"
115-->src\main\AndroidManifest.xml:90:12-34
116            android:exported="true"
116-->src\main\AndroidManifest.xml:91:12-35
117            android:permission="android.permission.RECEIVE_BOOT_COMPLETED" >
117-->src\main\AndroidManifest.xml:92:12-74
118            <intent-filter>
118-->src\main\AndroidManifest.xml:93:12-96:28
119                <action android:name="android.intent.action.BOOT_COMPLETED" />
119-->src\main\AndroidManifest.xml:94:16-78
119-->src\main\AndroidManifest.xml:94:24-75
120
121                <category android:name="android.intent.category.DEFAULT" />
121-->src\main\AndroidManifest.xml:80:17-75
121-->src\main\AndroidManifest.xml:80:27-73
122            </intent-filter>
123        </receiver>
124
125        <service
125-->[:firebase_database] AndroidManifest.xml:8:9-12:19
126            android:name="com.google.firebase.components.ComponentDiscoveryService"
126-->[:firebase_database] AndroidManifest.xml:8:18-89
127            android:directBootAware="true"
127-->[com.google.firebase:firebase-common:20.0.0] AndroidManifest.xml:35:13-43
128            android:exported="false" >
128-->[com.google.firebase:firebase-messaging:22.0.0] AndroidManifest.xml:51:13-37
129            <meta-data
129-->[:firebase_database] AndroidManifest.xml:9:13-11:85
130                android:name="com.google.firebase.components:io.flutter.plugins.firebase.database.FlutterFirebaseAppRegistrar"
130-->[:firebase_database] AndroidManifest.xml:10:17-127
131                android:value="com.google.firebase.components.ComponentRegistrar" />
131-->[:firebase_database] AndroidManifest.xml:11:17-82
132            <meta-data
132-->[:cloud_firestore] AndroidManifest.xml:9:13-11:85
133                android:name="com.google.firebase.components:io.flutter.plugins.firebase.firestore.FlutterFirebaseFirestoreRegistrar"
133-->[:cloud_firestore] AndroidManifest.xml:10:17-134
134                android:value="com.google.firebase.components.ComponentRegistrar" />
134-->[:cloud_firestore] AndroidManifest.xml:11:17-82
135            <meta-data
135-->[:firebase_auth] AndroidManifest.xml:9:13-11:85
136                android:name="com.google.firebase.components:io.flutter.plugins.firebase.auth.FlutterFirebaseAuthRegistrar"
136-->[:firebase_auth] AndroidManifest.xml:10:17-124
137                android:value="com.google.firebase.components.ComponentRegistrar" />
137-->[:firebase_auth] AndroidManifest.xml:11:17-82
138            <meta-data
138-->[:firebase_messaging] AndroidManifest.xml:34:13-36:85
139                android:name="com.google.firebase.components:io.flutter.plugins.firebase.messaging.FlutterFirebaseAppRegistrar"
139-->[:firebase_messaging] AndroidManifest.xml:35:17-128
140                android:value="com.google.firebase.components.ComponentRegistrar" />
140-->[:firebase_messaging] AndroidManifest.xml:36:17-82
141            <meta-data
141-->[:firebase_core] AndroidManifest.xml:9:13-11:85
142                android:name="com.google.firebase.components:io.flutter.plugins.firebase.core.FlutterFirebaseCoreRegistrar"
142-->[:firebase_core] AndroidManifest.xml:10:17-124
143                android:value="com.google.firebase.components.ComponentRegistrar" />
143-->[:firebase_core] AndroidManifest.xml:11:17-82
144            <meta-data
144-->[com.google.firebase:firebase-messaging:22.0.0] AndroidManifest.xml:52:13-54:85
145                android:name="com.google.firebase.components:com.google.firebase.messaging.FirebaseMessagingRegistrar"
145-->[com.google.firebase:firebase-messaging:22.0.0] AndroidManifest.xml:53:17-119
146                android:value="com.google.firebase.components.ComponentRegistrar" />
146-->[com.google.firebase:firebase-messaging:22.0.0] AndroidManifest.xml:54:17-82
147            <meta-data
147-->[com.google.firebase:firebase-auth:21.0.1] AndroidManifest.xml:77:13-79:85
148                android:name="com.google.firebase.components:com.google.firebase.auth.FirebaseAuthRegistrar"
148-->[com.google.firebase:firebase-auth:21.0.1] AndroidManifest.xml:78:17-109
149                android:value="com.google.firebase.components.ComponentRegistrar" />
149-->[com.google.firebase:firebase-auth:21.0.1] AndroidManifest.xml:79:17-82
150            <meta-data
150-->[com.google.firebase:firebase-firestore:23.0.3] AndroidManifest.xml:20:13-22:85
151                android:name="com.google.firebase.components:com.google.firebase.firestore.FirestoreRegistrar"
151-->[com.google.firebase:firebase-firestore:23.0.3] AndroidManifest.xml:21:17-111
152                android:value="com.google.firebase.components.ComponentRegistrar" />
152-->[com.google.firebase:firebase-firestore:23.0.3] AndroidManifest.xml:22:17-82
153            <meta-data
153-->[com.google.firebase:firebase-database:20.0.2] AndroidManifest.xml:32:13-34:85
154                android:name="com.google.firebase.components:com.google.firebase.database.DatabaseRegistrar"
154-->[com.google.firebase:firebase-database:20.0.2] AndroidManifest.xml:33:17-109
155                android:value="com.google.firebase.components.ComponentRegistrar" />
155-->[com.google.firebase:firebase-database:20.0.2] AndroidManifest.xml:34:17-82
156            <meta-data
156-->[com.google.android.gms:play-services-measurement-api:19.0.1] AndroidManifest.xml:30:13-32:85
157                android:name="com.google.firebase.components:com.google.firebase.analytics.connector.internal.AnalyticsConnectorRegistrar"
157-->[com.google.android.gms:play-services-measurement-api:19.0.1] AndroidManifest.xml:31:17-139
158                android:value="com.google.firebase.components.ComponentRegistrar" />
158-->[com.google.android.gms:play-services-measurement-api:19.0.1] AndroidManifest.xml:32:17-82
159            <meta-data
159-->[com.google.firebase:firebase-datatransport:18.0.0] AndroidManifest.xml:28:13-30:85
160                android:name="com.google.firebase.components:com.google.firebase.datatransport.TransportRegistrar"
160-->[com.google.firebase:firebase-datatransport:18.0.0] AndroidManifest.xml:29:17-115
161                android:value="com.google.firebase.components.ComponentRegistrar" />
161-->[com.google.firebase:firebase-datatransport:18.0.0] AndroidManifest.xml:30:17-82
162            <meta-data
162-->[com.google.firebase:firebase-installations:17.0.0] AndroidManifest.xml:18:13-20:85
163                android:name="com.google.firebase.components:com.google.firebase.installations.FirebaseInstallationsRegistrar"
163-->[com.google.firebase:firebase-installations:17.0.0] AndroidManifest.xml:19:17-127
164                android:value="com.google.firebase.components.ComponentRegistrar" />
164-->[com.google.firebase:firebase-installations:17.0.0] AndroidManifest.xml:20:17-82
165        </service>
166        <service
166-->[:firebase_messaging] AndroidManifest.xml:12:9-15:72
167            android:name="io.flutter.plugins.firebase.messaging.FlutterFirebaseMessagingBackgroundService"
167-->[:firebase_messaging] AndroidManifest.xml:13:13-107
168            android:exported="false"
168-->[:firebase_messaging] AndroidManifest.xml:14:13-37
169            android:permission="android.permission.BIND_JOB_SERVICE" />
169-->[:firebase_messaging] AndroidManifest.xml:15:13-69
170        <service
170-->[:firebase_messaging] AndroidManifest.xml:16:9-22:19
171            android:name="io.flutter.plugins.firebase.messaging.FlutterFirebaseMessagingService"
171-->[:firebase_messaging] AndroidManifest.xml:17:13-97
172            android:exported="false" >
172-->[:firebase_messaging] AndroidManifest.xml:18:13-37
173            <intent-filter>
173-->[:firebase_messaging] AndroidManifest.xml:19:13-21:29
174                <action android:name="com.google.firebase.MESSAGING_EVENT" />
174-->[:firebase_messaging] AndroidManifest.xml:20:17-78
174-->[:firebase_messaging] AndroidManifest.xml:20:25-75
175            </intent-filter>
176        </service>
177
178        <receiver
178-->[:firebase_messaging] AndroidManifest.xml:24:9-31:20
179            android:name="io.flutter.plugins.firebase.messaging.FlutterFirebaseMessagingReceiver"
179-->[:firebase_messaging] AndroidManifest.xml:25:13-98
180            android:exported="true"
180-->[:firebase_messaging] AndroidManifest.xml:26:13-36
181            android:permission="com.google.android.c2dm.permission.SEND" >
181-->[:firebase_messaging] AndroidManifest.xml:27:13-73
182            <intent-filter>
182-->[:firebase_messaging] AndroidManifest.xml:28:13-30:29
183                <action android:name="com.google.android.c2dm.intent.RECEIVE" />
183-->[:firebase_messaging] AndroidManifest.xml:29:17-81
183-->[:firebase_messaging] AndroidManifest.xml:29:25-78
184            </intent-filter>
185        </receiver>
186
187        <provider
187-->[:firebase_messaging] AndroidManifest.xml:39:9-43:38
188            android:name="io.flutter.plugins.firebase.messaging.FlutterFirebaseMessagingInitProvider"
188-->[:firebase_messaging] AndroidManifest.xml:40:13-102
189            android:authorities="com.droensoba.sobatku.flutterfirebasemessaginginitprovider"
189-->[:firebase_messaging] AndroidManifest.xml:41:13-88
190            android:exported="false"
190-->[:firebase_messaging] AndroidManifest.xml:42:13-37
191            android:initOrder="99" />
191-->[:firebase_messaging] AndroidManifest.xml:43:13-35
192
193        <receiver android:name="com.dexterous.flutterlocalnotifications.ScheduledNotificationReceiver" />
193-->[:flutter_local_notifications] AndroidManifest.xml:12:9-106
193-->[:flutter_local_notifications] AndroidManifest.xml:12:19-103
194        <receiver android:name="com.dexterous.flutterlocalnotifications.ScheduledNotificationBootReceiver" >
194-->[:flutter_local_notifications] AndroidManifest.xml:13:9-20:20
194-->[:flutter_local_notifications] AndroidManifest.xml:13:19-107
195            <intent-filter>
195-->[:flutter_local_notifications] AndroidManifest.xml:14:13-19:29
196                <action android:name="android.intent.action.BOOT_COMPLETED" />
196-->src\main\AndroidManifest.xml:94:16-78
196-->src\main\AndroidManifest.xml:94:24-75
197                <action android:name="android.intent.action.MY_PACKAGE_REPLACED" />
197-->[:flutter_local_notifications] AndroidManifest.xml:16:17-84
197-->[:flutter_local_notifications] AndroidManifest.xml:16:25-81
198                <action android:name="android.intent.action.QUICKBOOT_POWERON" />
198-->[:flutter_local_notifications] AndroidManifest.xml:17:17-82
198-->[:flutter_local_notifications] AndroidManifest.xml:17:25-79
199                <action android:name="com.htc.intent.action.QUICKBOOT_POWERON" />
199-->[:flutter_local_notifications] AndroidManifest.xml:18:17-82
199-->[:flutter_local_notifications] AndroidManifest.xml:18:25-79
200            </intent-filter>
201        </receiver>
202
203        <activity
203-->[:url_launcher] AndroidManifest.xml:8:9-11:74
204            android:name="io.flutter.plugins.urllauncher.WebViewActivity"
204-->[:url_launcher] AndroidManifest.xml:9:13-74
205            android:exported="false"
205-->[:url_launcher] AndroidManifest.xml:10:13-37
206            android:theme="@android:style/Theme.NoTitleBar.Fullscreen" />
206-->[:url_launcher] AndroidManifest.xml:11:13-71
207
208        <receiver
208-->[com.google.firebase:firebase-messaging:22.0.0] AndroidManifest.xml:28:9-35:20
209            android:name="com.google.firebase.iid.FirebaseInstanceIdReceiver"
209-->[com.google.firebase:firebase-messaging:22.0.0] AndroidManifest.xml:29:13-78
210            android:exported="true"
210-->[com.google.firebase:firebase-messaging:22.0.0] AndroidManifest.xml:30:13-36
211            android:permission="com.google.android.c2dm.permission.SEND" >
211-->[com.google.firebase:firebase-messaging:22.0.0] AndroidManifest.xml:31:13-73
212            <intent-filter>
212-->[:firebase_messaging] AndroidManifest.xml:28:13-30:29
213                <action android:name="com.google.android.c2dm.intent.RECEIVE" />
213-->[:firebase_messaging] AndroidManifest.xml:29:17-81
213-->[:firebase_messaging] AndroidManifest.xml:29:25-78
214            </intent-filter>
215        </receiver>
216        <!--
217             FirebaseMessagingService performs security checks at runtime,
218             but set to not exported to explicitly avoid allowing another app to call it.
219        -->
220        <service
220-->[com.google.firebase:firebase-messaging:22.0.0] AndroidManifest.xml:41:9-48:19
221            android:name="com.google.firebase.messaging.FirebaseMessagingService"
221-->[com.google.firebase:firebase-messaging:22.0.0] AndroidManifest.xml:42:13-82
222            android:directBootAware="true"
222-->[com.google.firebase:firebase-messaging:22.0.0] AndroidManifest.xml:43:13-43
223            android:exported="false" >
223-->[com.google.firebase:firebase-messaging:22.0.0] AndroidManifest.xml:44:13-37
224            <intent-filter android:priority="-500" >
224-->[:firebase_messaging] AndroidManifest.xml:19:13-21:29
225                <action android:name="com.google.firebase.MESSAGING_EVENT" />
225-->[:firebase_messaging] AndroidManifest.xml:20:17-78
225-->[:firebase_messaging] AndroidManifest.xml:20:25-75
226            </intent-filter>
227        </service>
228
229        <activity
229-->[com.google.firebase:firebase-auth:21.0.1] AndroidManifest.xml:27:9-44:20
230            android:name="com.google.firebase.auth.internal.GenericIdpActivity"
230-->[com.google.firebase:firebase-auth:21.0.1] AndroidManifest.xml:28:13-80
231            android:excludeFromRecents="true"
231-->[com.google.firebase:firebase-auth:21.0.1] AndroidManifest.xml:29:13-46
232            android:exported="true"
232-->[com.google.firebase:firebase-auth:21.0.1] AndroidManifest.xml:30:13-36
233            android:launchMode="singleTask"
233-->[com.google.firebase:firebase-auth:21.0.1] AndroidManifest.xml:31:13-44
234            android:theme="@android:style/Theme.Translucent.NoTitleBar" >
234-->[com.google.firebase:firebase-auth:21.0.1] AndroidManifest.xml:32:13-72
235            <intent-filter>
235-->[com.google.firebase:firebase-auth:21.0.1] AndroidManifest.xml:33:13-43:29
236                <action android:name="android.intent.action.VIEW" />
236-->src\main\AndroidManifest.xml:17:13-65
236-->src\main\AndroidManifest.xml:17:21-62
237
238                <category android:name="android.intent.category.DEFAULT" />
238-->src\main\AndroidManifest.xml:80:17-75
238-->src\main\AndroidManifest.xml:80:27-73
239                <category android:name="android.intent.category.BROWSABLE" />
239-->src\main\AndroidManifest.xml:18:13-74
239-->src\main\AndroidManifest.xml:18:23-71
240
241                <data
241-->src\main\AndroidManifest.xml:19:13-44
242                    android:host="firebase.auth"
243                    android:path="/"
244                    android:scheme="genericidp" />
244-->src\main\AndroidManifest.xml:19:19-41
245            </intent-filter>
246        </activity>
247        <activity
247-->[com.google.firebase:firebase-auth:21.0.1] AndroidManifest.xml:45:9-62:20
248            android:name="com.google.firebase.auth.internal.RecaptchaActivity"
248-->[com.google.firebase:firebase-auth:21.0.1] AndroidManifest.xml:46:13-79
249            android:excludeFromRecents="true"
249-->[com.google.firebase:firebase-auth:21.0.1] AndroidManifest.xml:47:13-46
250            android:exported="true"
250-->[com.google.firebase:firebase-auth:21.0.1] AndroidManifest.xml:48:13-36
251            android:launchMode="singleTask"
251-->[com.google.firebase:firebase-auth:21.0.1] AndroidManifest.xml:49:13-44
252            android:theme="@android:style/Theme.Translucent.NoTitleBar" >
252-->[com.google.firebase:firebase-auth:21.0.1] AndroidManifest.xml:50:13-72
253            <intent-filter>
253-->[com.google.firebase:firebase-auth:21.0.1] AndroidManifest.xml:51:13-61:29
254                <action android:name="android.intent.action.VIEW" />
254-->src\main\AndroidManifest.xml:17:13-65
254-->src\main\AndroidManifest.xml:17:21-62
255
256                <category android:name="android.intent.category.DEFAULT" />
256-->src\main\AndroidManifest.xml:80:17-75
256-->src\main\AndroidManifest.xml:80:27-73
257                <category android:name="android.intent.category.BROWSABLE" />
257-->src\main\AndroidManifest.xml:18:13-74
257-->src\main\AndroidManifest.xml:18:23-71
258
259                <data
259-->src\main\AndroidManifest.xml:19:13-44
260                    android:host="firebase.auth"
261                    android:path="/"
262                    android:scheme="recaptcha" />
262-->src\main\AndroidManifest.xml:19:19-41
263            </intent-filter>
264        </activity>
265
266        <service
266-->[com.google.firebase:firebase-auth:21.0.1] AndroidManifest.xml:64:9-73:19
267            android:name="com.google.firebase.auth.api.fallback.service.FirebaseAuthFallbackService"
267-->[com.google.firebase:firebase-auth:21.0.1] AndroidManifest.xml:65:13-101
268            android:enabled="true"
268-->[com.google.firebase:firebase-auth:21.0.1] AndroidManifest.xml:66:13-35
269            android:exported="false" >
269-->[com.google.firebase:firebase-auth:21.0.1] AndroidManifest.xml:67:13-37
270            <intent-filter>
270-->[com.google.firebase:firebase-auth:21.0.1] AndroidManifest.xml:68:13-72:29
271                <action android:name="com.google.firebase.auth.api.gms.service.START" />
271-->[com.google.firebase:firebase-auth:21.0.1] AndroidManifest.xml:69:17-89
271-->[com.google.firebase:firebase-auth:21.0.1] AndroidManifest.xml:69:25-86
272
273                <category android:name="android.intent.category.DEFAULT" />
273-->src\main\AndroidManifest.xml:80:17-75
273-->src\main\AndroidManifest.xml:80:27-73
274            </intent-filter>
275        </service>
276
277        <provider
277-->[com.google.firebase:firebase-common:20.0.0] AndroidManifest.xml:26:9-31:39
278            android:name="com.google.firebase.provider.FirebaseInitProvider"
278-->[com.google.firebase:firebase-common:20.0.0] AndroidManifest.xml:27:13-77
279            android:authorities="com.droensoba.sobatku.firebaseinitprovider"
279-->[com.google.firebase:firebase-common:20.0.0] AndroidManifest.xml:28:13-72
280            android:directBootAware="true"
280-->[com.google.firebase:firebase-common:20.0.0] AndroidManifest.xml:29:13-43
281            android:exported="false"
281-->[com.google.firebase:firebase-common:20.0.0] AndroidManifest.xml:30:13-37
282            android:initOrder="100" />
282-->[com.google.firebase:firebase-common:20.0.0] AndroidManifest.xml:31:13-36
283
284        <receiver
284-->[com.google.android.gms:play-services-measurement:19.0.1] AndroidManifest.xml:29:9-33:20
285            android:name="com.google.android.gms.measurement.AppMeasurementReceiver"
285-->[com.google.android.gms:play-services-measurement:19.0.1] AndroidManifest.xml:30:13-85
286            android:enabled="true"
286-->[com.google.android.gms:play-services-measurement:19.0.1] AndroidManifest.xml:31:13-35
287            android:exported="false" >
287-->[com.google.android.gms:play-services-measurement:19.0.1] AndroidManifest.xml:32:13-37
288        </receiver>
289
290        <service
290-->[com.google.android.gms:play-services-measurement:19.0.1] AndroidManifest.xml:35:9-38:40
291            android:name="com.google.android.gms.measurement.AppMeasurementService"
291-->[com.google.android.gms:play-services-measurement:19.0.1] AndroidManifest.xml:36:13-84
292            android:enabled="true"
292-->[com.google.android.gms:play-services-measurement:19.0.1] AndroidManifest.xml:37:13-35
293            android:exported="false" />
293-->[com.google.android.gms:play-services-measurement:19.0.1] AndroidManifest.xml:38:13-37
294        <service
294-->[com.google.android.gms:play-services-measurement:19.0.1] AndroidManifest.xml:39:9-43:72
295            android:name="com.google.android.gms.measurement.AppMeasurementJobService"
295-->[com.google.android.gms:play-services-measurement:19.0.1] AndroidManifest.xml:40:13-87
296            android:enabled="true"
296-->[com.google.android.gms:play-services-measurement:19.0.1] AndroidManifest.xml:41:13-35
297            android:exported="false"
297-->[com.google.android.gms:play-services-measurement:19.0.1] AndroidManifest.xml:42:13-37
298            android:permission="android.permission.BIND_JOB_SERVICE" />
298-->[com.google.android.gms:play-services-measurement:19.0.1] AndroidManifest.xml:43:13-69
299
300        <activity